e:\uni\year 2\lessons\games engines\camera\camera\camera\opengl_sdl base project\opengl_sdl base project\debug\vc120.pdb
e:\uni\year 2\lessons\games engines\camera\camera\camera\opengl_sdl base project\opengl_sdl base project\debug\vc120.idb
e:\uni\year 2\lessons\games engines\camera\camera\camera\opengl_sdl base project\opengl_sdl base project\debug\3dsloader.obj
e:\uni\year 2\lessons\games engines\camera\camera\camera\opengl_sdl base project\opengl_sdl base project\debug\audio.obj
e:\uni\year 2\lessons\games engines\camera\camera\camera\opengl_sdl base project\opengl_sdl base project\debug\camera.obj
e:\uni\year 2\lessons\games engines\camera\camera\camera\opengl_sdl base project\opengl_sdl base project\debug\cow.obj
e:\uni\year 2\lessons\games engines\camera\camera\camera\opengl_sdl base project\opengl_sdl base project\debug\denzil.obj
e:\uni\year 2\lessons\games engines\camera\camera\camera\opengl_sdl base project\opengl_sdl base project\debug\gamescreen.obj
e:\uni\year 2\lessons\games engines\camera\camera\camera\opengl_sdl base project\opengl_sdl base project\debug\gamescreenlevel1.obj
e:\uni\year 2\lessons\games engines\camera\camera\camera\opengl_sdl base project\opengl_sdl base project\debug\gamescreenlevel2.obj
e:\uni\year 2\lessons\games engines\camera\camera\camera\opengl_sdl base project\opengl_sdl base project\debug\gamescreenmanager.obj
e:\uni\year 2\lessons\games engines\camera\camera\camera\opengl_sdl base project\opengl_sdl base project\debug\menuscreen.obj
e:\uni\year 2\lessons\games engines\camera\camera\camera\opengl_sdl base project\opengl_sdl base project\debug\object3ds.obj
e:\uni\year 2\lessons\games engines\camera\camera\camera\opengl_sdl base project\opengl_sdl base project\debug\quaternionmath.obj
e:\uni\year 2\lessons\games engines\camera\camera\camera\opengl_sdl base project\opengl_sdl base project\debug\source.obj
e:\uni\year 2\lessons\games engines\camera\camera\camera\opengl_sdl base project\opengl_sdl base project\debug\teapot.obj
e:\uni\year 2\lessons\games engines\camera\camera\camera\opengl_sdl base project\opengl_sdl base project\debug\terrain.obj
e:\uni\year 2\lessons\games engines\camera\camera\camera\opengl_sdl base project\opengl_sdl base project\debug\texture.obj
e:\uni\year 2\lessons\games engines\camera\camera\camera\opengl_sdl base project\opengl_sdl base project\debug\box.obj
e:\uni\year 2\lessons\games engines\camera\camera\camera\opengl_sdl base project\opengl_sdl base project\debug\gameover.obj
e:\uni\year 2\lessons\games engines\camera\camera\camera\opengl_sdl base project\debug\opengl_sdl base project.ilk
e:\uni\year 2\lessons\games engines\camera\camera\camera\opengl_sdl base project\debug\opengl_sdl base project.exe
e:\uni\year 2\lessons\games engines\camera\camera\camera\opengl_sdl base project\debug\opengl_sdl base project.pdb
e:\uni\year 2\lessons\games engines\camera\camera\camera\opengl_sdl base project\opengl_sdl base project\debug\opengl_s.9314caf6.tlog\cl.command.1.tlog
e:\uni\year 2\lessons\games engines\camera\camera\camera\opengl_sdl base project\opengl_sdl base project\debug\opengl_s.9314caf6.tlog\cl.read.1.tlog
e:\uni\year 2\lessons\games engines\camera\camera\camera\opengl_sdl base project\opengl_sdl base project\debug\opengl_s.9314caf6.tlog\cl.write.1.tlog
e:\uni\year 2\lessons\games engines\camera\camera\camera\opengl_sdl base project\opengl_sdl base project\debug\opengl_s.9314caf6.tlog\link.command.1.tlog
e:\uni\year 2\lessons\games engines\camera\camera\camera\opengl_sdl base project\opengl_sdl base project\debug\opengl_s.9314caf6.tlog\link.read.1.tlog
e:\uni\year 2\lessons\games engines\camera\camera\camera\opengl_sdl base project\opengl_sdl base project\debug\opengl_s.9314caf6.tlog\link.write.1.tlog
